1547727475163	mozrunner::runner	INFO	Running command: "C:\\Program files\\Mozilla Firefox\\firefox.exe" "-marionette" "-foreground" "-no-remote" "-profile" "C:\\Users\\krezix\\AppData\\Local\\Temp\\rust_mozprofile.a5etwrIqfRQ2"
1547727475789	addons.webextension.screenshots@mozilla.org	WARN	Loading extension 'screenshots@mozilla.org': Reading manifest: Invalid host permission: resource://pdf.js/
1547727475789	addons.webextension.screenshots@mozilla.org	WARN	Loading extension 'screenshots@mozilla.org': Reading manifest: Invalid host permission: about:reader*
1547727478505	Marionette	INFO	Listening on port 55633
1547727478825	Marionette	WARN	TLS certificate errors will be ignored for this session
console.error: BroadcastService: 
  receivedBroadcastMessage: handler for
  remote-settings/monitor_changes
  threw error:
  Message: Error: Polling for changes failed: NetworkError when attempting to fetch resource..
  Stack:
    remoteSettingsFunction/remoteSettings.pollChanges@resource://services-settings/remote-settings.js:750:13

[Child 16448, Chrome_ChildThread] WARNING: pipe error: 109: file z:/build/build/src/ipc/ch[Chilrdo m384, Chriome_ChildThread] WARNING: pipe eum/src/rcrhorro:m e109: file z:/build/build/src/ipc/chromium/src/chrome/common/ipc_channel_win.cc, line 346/
common/ipc_channel[_Cwhiinl.dcc, line 346
 384, Chrome_ChildThread] W[ACRNING: pipe ehrild 16448, Chrome_Crhoirl:d Thread] WARNING: pipe error: 109: file z:/build/1547727928383	Marionette	INFO	Stopped listening on port 55633

###!!! [Child][RunMessage] Error: Channel closing: too late to send/recv, messages will be lost


###!!! [Child][MessageChannel::SendAndWait] Error: Channel error: cannot send/recv

1547727964785	mozrunner::runner	INFO	Running command: "C:\\Program files\\Mozilla Firefox\\firefox.exe" "-marionette" "-foreground" "-no-remote" "-profile" "C:\\Users\\krezix\\AppData\\Local\\Temp\\rust_mozprofile.WJdu9eVpYW0U"
1547727965663	addons.webextension.screenshots@mozilla.org	WARN	Loading extension 'screenshots@mozilla.org': Reading manifest: Invalid host permission: resource://pdf.js/
1547727966060	addons.webextension.screenshots@mozilla.org	WARN	Loading extension 'screenshots@mozilla.org': Reading manifest: Invalid host permission: about:reader*
1547727968644	Marionette	INFO	Listening on port 56402
1547727969120	Marionette	WARN	TLS certificate errors will be ignored for this session
1547728057917	Marionette	INFO	Stopped listening on port 56402

###!!! [Child][RunMessage] Error: Channel closing: too late to send/recv, messages will be lost

[GPU 168
###!!! [Child][MessageChannel::SendAndWait] Error: Channel error: cannot send/recv

1547728179521	mozrunner::runner	INFO	Running command: "C:\\Program files\\Mozilla Firefox\\firefox.exe" "-marionette" "-foreground" "-no-remote" "-profile" "C:\\Users\\krezix\\AppData\\Local\\Temp\\rust_mozprofile.qFc29Vmpmy9q"
1547728180356	addons.webextension.screenshots@mozilla.org	WARN	Loading extension 'screenshots@mozilla.org': Reading manifest: Invalid host permission: resource://pdf.js/
1547728180356	addons.webextension.screenshots@mozilla.org	WARN	Loading extension 'screenshots@mozilla.org': Reading manifest: Invalid host permission: about:reader*
1547728183239	Marionette	INFO	Listening on port 56767
1547728183368	Marionette	WARN	TLS certificate errors will be ignored for this session
[Parent 18692, Gecko_IOThread] WARNING: pipe error: 109: file z:/build/build/src/ipc/chromium/src/chrome/common/ipc_channel_win.cc, line 346
[Child 3648, Chrome_ChildThread] WARNING: pipe error: 109: file z:/build/build/src/ipc/chromium/src/chrome/common/ipc_channel_win.cc, line 346
[Child1547728232656	Marionette	INFO	Stopped listening on port 56767

###!!! [Child][RunMessage] Error: Channel closing: too late to send/recv, messages will be lost


###!!! [Child][MessageChannel::SendAndWait] Error: Channel error: cannot send/recv

1547728244138	mozrunner::runner	INFO	Running command: "C:\\Program files\\Mozilla Firefox\\firefox.exe" "-marionette" "-foreground" "-no-remote" "-profile" "C:\\Users\\krezix\\AppData\\Local\\Temp\\rust_mozprofile.0p7Blmy1owM5"
1547728244982	addons.webextension.screenshots@mozilla.org	WARN	Loading extension 'screenshots@mozilla.org': Reading manifest: Invalid host permission: resource://pdf.js/
1547728244982	addons.webextension.screenshots@mozilla.org	WARN	Loading extension 'screenshots@mozilla.org': Reading manifest: Invalid host permission: about:reader*
1547728247672	Marionette	INFO	Listening on port 56901
1547728247963	Marionette	WARN	TLS certificate errors will be ignored for this session
[Child 5936, Chrome_ChildThread] WARNING: pipe error: 109: file z:/build/build/src/ipc/chromium/src/chrome/common/ipc_channel_win.cc, line 346
[Child 816, Chrome_ChildThread] WARNING: pipe error: 109: file z:/build/build/src/ipc/chromium/src/chrome/common/ipc_channel_win.cc, line 346
[Chi1547728349941	Marionette	INFO	Stopped listening on port 56901

###!!! [Child][RunMessage] Error: Channel closing: too late to send/recv, messages will be lost

[GPU 15
###!!! [Child][MessageChannel::SendAndWait] Error: Channel error: cannot send/recv

about:reader*
1547728346449	Marionette	INFO	Listening on port 57081
1547728346826	Marionette	WARN	TLS certificate errors will be ignored for this session
[Parent 16648, Gecko_IOThread] WARNING: pipe error: 109: file z:/build/build/src/ipc/chromium/src/chrome/common/ipc_channel_win.cc, line 346
[Child 19052, Chrome_ChildThread] WARNING: pipe error: 109: file z:/build/build/src/ipc/chromium/src/chrome/common/ipc_channel_win.cc, line 346
[Child 11547728348707	Marionette	INFO	Stopped listening on port 57081

###!!! [Child][RunMessage] Error: Channel closing: too late to send/recv, messages will be lost

[GPU 11240, Ch
###!!! [Child][MessageChannel::SendAndWait] Error: Channel error: cannot send/recv

1547749220695	mozrunner::runner	INFO	Running command: "C:\\Program files\\Mozilla Firefox\\firefox.exe" "-marionette" "-foreground" "-no-remote" "-profile" "C:\\Users\\krezix\\AppData\\Local\\Temp\\rust_mozprofile.KiNjL7F0e8fB"
1547749221559	addons.webextension.screenshots@mozilla.org	WARN	Loading extension 'screenshots@mozilla.org': Reading manifest: Invalid host permission: resource://pdf.js/
1547749221559	addons.webextension.screenshots@mozilla.org	WARN	Loading extension 'screenshots@mozilla.org': Reading manifest: Invalid host permission: about:reader*
1547749224758	Marionette	INFO	Listening on port 56492
1547749225027	Marionette	WARN	TLS certificate errors will be ignored for this session
[Parent 1452, Gecko_IOThread] WARNING: pipe error: 109: file z:/build/build/src/ipc/chromium/src/chrome/common/ipc_channel_win.cc, line 346
[Child 19236, Chrome_ChildThread] WARNING: pipe error: 109: file z:/build/build/src/ipc/chromium/src/chrome/common/ipc_channel_win.cc, line 346
[Child 19236, Chrome_ChildThread] WARNING: pipe error: 109: file 1547749349005	Marionette	INFO	Stopped listening on port 56492

###!!! [Child][RunMessage] Error: Channel closing: too late to send/recv, messages will be lost

[GPU 23024
###!!! [Child][MessageChannel::SendAndWait] Error: Channel error: cannot send/recv

1547749363185	mozrunner::runner	INFO	Running command: "C:\\Program files\\Mozilla Firefox\\firefox.exe" "-marionette" "-foreground" "-no-remote" "-profile" "C:\\Users\\krezix\\AppData\\Local\\Temp\\rust_mozprofile.Yrcx8pdcGwof"
1547749364009	addons.webextension.screenshots@mozilla.org	WARN	Loading extension 'screenshots@mozilla.org': Reading manifest: Invalid host permission: resource://pdf.js/
1547749364010	addons.webextension.screenshots@mozilla.org	WARN	Loading extension 'screenshots@mozilla.org': Reading manifest: Invalid host permission: about:reader*
1547749366748	Marionette	INFO	Listening on port 56731
1547749367014	Marionette	WARN	TLS certificate errors will be ignored for this session
[Child 18212, Chrome_ChildThread] WARNING: pipe error: 109: file z:/build/build/src/ipc/chromium/src/chrome/common/ipc_channel_win.cc, line 346
[Child 182[Child 22900, Chrome_ChildThread] WARNING: pipe error: 109: file z:/build/build/src/ipc/chromium/src/chrome/common/ipc_channel_win.cc, line 346
[Chil1547749435388	Marionette	INFO	Stopped listening on port 56731

###!!! [Child][RunMessage] Error: Channel closing: too late to send/recv, messages will be lost

[GPU 231
###!!! [Child][MessageChannel::SendAndWait] Error: Channel error: cannot send/recv

1547749450117	mozrunner::runner	INFO	Running command: "C:\\Program files\\Mozilla Firefox\\firefox.exe" "-marionette" "-foreground" "-no-remote" "-profile" "C:\\Users\\krezix\\AppData\\Local\\Temp\\rust_mozprofile.BBVbRNHvrqVY"
1547749450957	addons.webextension.screenshots@mozilla.org	WARN	Loading extension 'screenshots@mozilla.org': Reading manifest: Invalid host permission: resource://pdf.js/
1547749450957	addons.webextension.screenshots@mozilla.org	WARN	Loading extension 'screenshots@mozilla.org': Reading manifest: Invalid host permission: about:reader*
1547749454048	Marionette	INFO	Listening on port 56898
1547749454455	Marionette	WARN	TLS certificate errors will be ignored for this session
console.error: BroadcastService: 
  receivedBroadcastMessage: handler for
  remote-settings/monitor_changes
  threw error:
  Message: Error: Polling for changes failed: NetworkError when attempting to fetch resource..
  Stack:
    remoteSettingsFunction/remoteSettings.pollChanges@resource://services-settings/remote-settings.js:750:13

[Child 20084, Chrome_ChildThread] WARNING: pipe error: 109: file z:/build/build/src/ipc/chromium/src/chrome/common/ipc_channel_win.cc, line 346
[Child 20084, Chrome_Chi1547750127684	Marionette	INFO	Stopped listening on port 56898

###!!! [Child][RunMessage] Error: Channel closing: too late to send/recv, messages will be lost

[GPU 211
###!!! [Child][MessageChannel::SendAndWait] Error: Channel error: cannot send/recv

ion.screenshots@mozilla.org	WARN	Loading extension 'screenshots@mozilla.org': Reading manifest: Invalid host permission: about:reader*
1547749986418	Marionette	INFO	Listening on port 57686
1547749986771	Marionette	WARN	TLS certificate errors will be ignored for this session
[Parent 22016, Gecko_IOThread] WARNING: pipe error: 109: file z:/build/build/src/ipc/chromium/src/chrome/common/ipc_channel_win.cc, line 346
[Child 22708, Chrome_ChildThread] WARNING: pipe error: 109: file z:/build/build/src/ipc/chromium/src/chrome/common/ipc_channel_win.cc, line 346
[Child 22708, Chrome_ChildThread] WARNING: pipe error: 109: file z:/build/build/src/ipc/chromium/src/chrome/common/ipc_channel_win.cc, line 346
1547749991743	Marionette	INFO	Stopped listening on port 57686

###!!! [Child][RunMessage] Error: Channel closing: too late to send/recv, messages will be lost

[GPU 48
###!!! [Child][MessageChannel::SendAndWait] Error: Channel error: cannot send/recv

1547750088290	mozrunner::runner	INFO	Running command: "C:\\Program files\\Mozilla Firefox\\firefox.exe" "-marionette" "-foreground" "-no-remote" "-profile" "C:\\Users\\krezix\\AppData\\Local\\Temp\\rust_mozprofile.B3s8SZFVqGpW"
1547750089178	addons.webextension.screenshots@mozilla.org	WARN	Loading extension 'screenshots@mozilla.org': Reading manifest: Invalid host permission: resource://pdf.js/
1547750089856	addons.webextension.screenshots@mozilla.org	WARN	Loading extension 'screenshots@mozilla.org': Reading manifest: Invalid host permission: about:reader*
1547750092510	Marionette	INFO	Listening on port 57879
1547750092853	Marionette	WARN	TLS certificate errors will be ignored for this session
[Child 17512, Chrome_ChildThread] WARNING: pipe error: 109: file z:/build/build/src/ipc/chromium/src/chrome/common/ipc_channel_win.cc, line 346
[Child [Child 16452, Chrome_ChildThread] WARNING: pipe error: 109: file z:/build/build/src/ipc/chromium/src/chrome/common/ipc_channel_win.cc, line 346
[Child1547750120667	Marionette	INFO	Stopped listening on port 57879

###!!! [Child][RunMessage] Error: Channel closing: too late to send/recv, messages will be lost

[GPU 22576, 
###!!! [Child][MessageChannel::SendAndWait] Error: Channel error: cannot send/recv

